0 info it worked if it ends with ok
1 verbose cli [ '/Users/mludwigs/n/bin/node',
1 verbose cli   '/Users/mludwigs/n/bin/npm',
1 verbose cli   'run',
1 verbose cli   'build' ]
2 info using npm@3.9.5
3 info using node@v6.2.2
4 verbose run-script [ 'prebuild', 'build', 'postbuild' ]
5 info lifecycle elmproject@1.0.0~prebuild: elmproject@1.0.0
6 silly lifecycle elmproject@1.0.0~prebuild: no script for prebuild, continuing
7 info lifecycle elmproject@1.0.0~build: elmproject@1.0.0
8 verbose lifecycle elmproject@1.0.0~build: unsafe-perm in lifecycle true
9 verbose lifecycle elmproject@1.0.0~build: PATH: /Users/mludwigs/n/lib/node_modules/npm/bin/node-gyp-bin:/Users/mludwigs/git/projects/learning-elm/elm-project/node_modules/.bin:/Users/mludwigs/n/bin:/Users/mludwigs/.stack/snapshots/x86_64-osx/lts-6.0/7.10.3/bin:/Users/mludwigs/.stack/programs/x86_64-osx/ghc-7.10.3/bin:/usr/local/bin:/usr/bin:/bin:/usr/sbin:/sbin:/Users/mludwigs/n/bin:/Users/mludwigs/bin
10 verbose lifecycle elmproject@1.0.0~build: CWD: /Users/mludwigs/git/projects/learning-elm/elm-project
11 silly lifecycle elmproject@1.0.0~build: Args: [ '-c', 'brunch build w -d' ]
12 silly lifecycle elmproject@1.0.0~build: Returned: code: 1  signal: null
13 info lifecycle elmproject@1.0.0~build: Failed to exec build script
14 verbose stack Error: elmproject@1.0.0 build: `brunch build w -d`
14 verbose stack Exit status 1
14 verbose stack     at EventEmitter.<anonymous> (/Users/mludwigs/n/lib/node_modules/npm/lib/utils/lifecycle.js:245:16)
14 verbose stack     at emitTwo (events.js:106:13)
14 verbose stack     at EventEmitter.emit (events.js:191:7)
14 verbose stack     at ChildProcess.<anonymous> (/Users/mludwigs/n/lib/node_modules/npm/lib/utils/spawn.js:24:14)
14 verbose stack     at emitTwo (events.js:106:13)
14 verbose stack     at ChildProcess.emit (events.js:191:7)
14 verbose stack     at maybeClose (internal/child_process.js:852:16)
14 verbose stack     at Process.ChildProcess._handle.onexit (internal/child_process.js:215:5)
15 verbose pkgid elmproject@1.0.0
16 verbose cwd /Users/mludwigs/git/projects/learning-elm/elm-project
17 error Darwin 15.5.0
18 error argv "/Users/mludwigs/n/bin/node" "/Users/mludwigs/n/bin/npm" "run" "build"
19 error node v6.2.2
20 error npm  v3.9.5
21 error code ELIFECYCLE
22 error elmproject@1.0.0 build: `brunch build w -d`
22 error Exit status 1
23 error Failed at the elmproject@1.0.0 build script 'brunch build w -d'.
23 error Make sure you have the latest version of node.js and npm installed.
23 error If you do, this is most likely a problem with the elmproject package,
23 error not with npm itself.
23 error Tell the author that this fails on your system:
23 error     brunch build w -d
23 error You can get information on how to open an issue for this project with:
23 error     npm bugs elmproject
23 error Or if that isn't available, you can get their info via:
23 error     npm owner ls elmproject
23 error There is likely additional logging output above.
24 verbose exit [ 1, true ]
